1548781308.556911 client started (19786): version 2.6, socket /tmp/tmux-1000/default, protocol 8
1548781308.556987 on Linux 4.15.0-43-generic #46-Ubuntu SMP Thu Dec 6 14:45:28 UTC 2018; libevent 2.1.8-stable (poll)
1548781308.557041 socket is /tmp/tmux-1000/default
1548781308.557082 trying connect
1548781308.557270 add peer 0x5589a5e71b90: 6 ((nil))
1548781308.557417 sending message 100 to peer 0x5589a5e71b90 (4 bytes)
1548781308.557441 sending message 101 to peer 0x5589a5e71b90 (15 bytes)
1548781308.557454 sending message 102 to peer 0x5589a5e71b90 (11 bytes)
1548781308.557465 sending message 108 to peer 0x5589a5e71b90 (37 bytes)
1548781308.557480 sending message 104 to peer 0x5589a5e71b90 (0 bytes)
1548781308.557494 sending message 107 to peer 0x5589a5e71b90 (4 bytes)
1548781308.557513 sending message 105 to peer 0x5589a5e71b90 (20 bytes)
1548781308.557526 sending message 105 to peer 0x5589a5e71b90 (22 bytes)
1548781308.557537 sending message 105 to peer 0x5589a5e71b90 (29 bytes)
1548781308.557549 sending message 105 to peer 0x5589a5e71b90 (1516 bytes)
1548781308.557584 sending message 105 to peer 0x5589a5e71b90 (34 bytes)
1548781308.557598 sending message 105 to peer 0x5589a5e71b90 (41 bytes)
1548781308.557610 sending message 105 to peer 0x5589a5e71b90 (23 bytes)
1548781308.557622 sending message 105 to peer 0x5589a5e71b90 (17 bytes)
1548781308.557633 sending message 105 to peer 0x5589a5e71b90 (11 bytes)
1548781308.557645 sending message 105 to peer 0x5589a5e71b90 (48 bytes)
1548781308.557657 sending message 105 to peer 0x5589a5e71b90 (32 bytes)
1548781308.557668 sending message 105 to peer 0x5589a5e71b90 (20 bytes)
1548781308.557679 sending message 105 to peer 0x5589a5e71b90 (14 bytes)
1548781308.557691 sending message 105 to peer 0x5589a5e71b90 (70 bytes)
1548781308.557702 sending message 105 to peer 0x5589a5e71b90 (19 bytes)
1548781308.557714 sending message 105 to peer 0x5589a5e71b90 (44 bytes)
1548781308.557728 sending message 105 to peer 0x5589a5e71b90 (11 bytes)
1548781308.557746 sending message 105 to peer 0x5589a5e71b90 (41 bytes)
1548781308.557762 sending message 105 to peer 0x5589a5e71b90 (54 bytes)
1548781308.557780 sending message 105 to peer 0x5589a5e71b90 (56 bytes)
1548781308.557797 sending message 105 to peer 0x5589a5e71b90 (17 bytes)
1548781308.557818 sending message 105 to peer 0x5589a5e71b90 (15 bytes)
1548781308.557835 sending message 105 to peer 0x5589a5e71b90 (23 bytes)
1548781308.557847 sending message 105 to peer 0x5589a5e71b90 (18 bytes)
1548781308.557860 sending message 105 to peer 0x5589a5e71b90 (33 bytes)
1548781308.557873 sending message 105 to peer 0x5589a5e71b90 (86 bytes)
1548781308.557885 sending message 105 to peer 0x5589a5e71b90 (51 bytes)
1548781308.557899 sending message 105 to peer 0x5589a5e71b90 (41 bytes)
1548781308.557912 sending message 105 to peer 0x5589a5e71b90 (21 bytes)
1548781308.557925 sending message 105 to peer 0x5589a5e71b90 (21 bytes)
1548781308.557938 sending message 105 to peer 0x5589a5e71b90 (19 bytes)
1548781308.557951 sending message 105 to peer 0x5589a5e71b90 (19 bytes)
1548781308.557965 sending message 105 to peer 0x5589a5e71b90 (36 bytes)
1548781308.557978 sending message 105 to peer 0x5589a5e71b90 (21 bytes)
1548781308.557991 sending message 105 to peer 0x5589a5e71b90 (83 bytes)
1548781308.558004 sending message 105 to peer 0x5589a5e71b90 (27 bytes)
1548781308.558017 sending message 105 to peer 0x5589a5e71b90 (28 bytes)
1548781308.558029 sending message 105 to peer 0x5589a5e71b90 (13 bytes)
1548781308.558041 sending message 105 to peer 0x5589a5e71b90 (17 bytes)
1548781308.558053 sending message 105 to peer 0x5589a5e71b90 (16 bytes)
1548781308.558067 sending message 105 to peer 0x5589a5e71b90 (18 bytes)
1548781308.558079 sending message 105 to peer 0x5589a5e71b90 (20 bytes)
1548781308.558092 sending message 105 to peer 0x5589a5e71b90 (18 bytes)
1548781308.558106 sending message 105 to peer 0x5589a5e71b90 (55 bytes)
1548781308.558119 sending message 105 to peer 0x5589a5e71b90 (33 bytes)
1548781308.558131 sending message 105 to peer 0x5589a5e71b90 (52 bytes)
1548781308.558144 sending message 105 to peer 0x5589a5e71b90 (29 bytes)
1548781308.558180 sending message 105 to peer 0x5589a5e71b90 (13 bytes)
1548781308.558194 sending message 105 to peer 0x5589a5e71b90 (15 bytes)
1548781308.558207 sending message 105 to peer 0x5589a5e71b90 (8 bytes)
1548781308.558219 sending message 105 to peer 0x5589a5e71b90 (18 bytes)
1548781308.558232 sending message 105 to peer 0x5589a5e71b90 (44 bytes)
1548781308.558244 sending message 105 to peer 0x5589a5e71b90 (18 bytes)
1548781308.558256 sending message 105 to peer 0x5589a5e71b90 (54 bytes)
1548781308.558268 sending message 105 to peer 0x5589a5e71b90 (31 bytes)
1548781308.558280 sending message 105 to peer 0x5589a5e71b90 (41 bytes)
1548781308.558293 sending message 105 to peer 0x5589a5e71b90 (45 bytes)
1548781308.558306 sending message 105 to peer 0x5589a5e71b90 (409 bytes)
1548781308.558319 sending message 105 to peer 0x5589a5e71b90 (102 bytes)
1548781308.558338 sending message 105 to peer 0x5589a5e71b90 (32 bytes)
1548781308.558350 sending message 105 to peer 0x5589a5e71b90 (19 bytes)
1548781308.558363 sending message 105 to peer 0x5589a5e71b90 (16 bytes)
1548781308.558375 sending message 105 to peer 0x5589a5e71b90 (16 bytes)
1548781308.558388 sending message 106 to peer 0x5589a5e71b90 (0 bytes)
1548781308.558401 sending message 200 to peer 0x5589a5e71b90 (4 bytes)
1548781308.558413 client loop enter
1548781308.559719 peer 0x5589a5e71b90 message 211
1548781308.559787 peer 0x5589a5e71b90 message 203
1548781308.559807 client loop exit
